AH00112: Warning: DocumentRoot [/var/www/html/web] does not exist
AH00558: apache2: Could not reliably determine the server's fully qualified domain name, using 172.21.0.3. Set the 'ServerName' directive globally to suppress this message
[Tue Nov 05 10:52:28.129012 2019] [mpm_prefork:notice] [pid 1] AH00163: Apache/2.4.10 (Debian) PHP/7.1.17 configured -- resuming normal operations
[Tue Nov 05 10:52:28.129043 2019] [core:notice] [pid 1] AH00094: Command line: 'apache2 -D FOREGROUND'
[Tue Nov 05 10:57:01.651751 2019] [mpm_prefork:notice] [pid 1] AH00169: caught SIGTERM, shutting down
AH00112: Warning: DocumentRoot [/var/www/html/web] does not exist
AH00558: apache2: Could not reliably determine the server's fully qualified domain name, using 172.21.0.4. Set the 'ServerName' directive globally to suppress this message
[Tue Nov 05 10:58:11.661090 2019] [mpm_prefork:notice] [pid 1] AH00163: Apache/2.4.10 (Debian) PHP/7.1.17 configured -- resuming normal operations
[Tue Nov 05 10:58:11.661130 2019] [core:notice] [pid 1] AH00094: Command line: 'apache2 -D FOREGROUND'
[Tue Nov 05 10:59:28.849042 2019] [mpm_prefork:notice] [pid 1] AH00169: caught SIGTERM, shutting down
AH00112: Warning: DocumentRoot [/var/www/html/web] does not exist
AH00558: apache2: Could not reliably determine the server's fully qualified domain name, using 172.21.0.4. Set the 'ServerName' directive globally to suppress this message
[Tue Nov 05 10:59:30.004263 2019] [mpm_prefork:notice] [pid 1] AH00163: Apache/2.4.10 (Debian) PHP/7.1.17 configured -- resuming normal operations
[Tue Nov 05 10:59:30.004294 2019] [core:notice] [pid 1] AH00094: Command line: 'apache2 -D FOREGROUND'
[Tue Nov 05 11:01:13.379460 2019] [mpm_prefork:notice] [pid 1] AH00169: caught SIGTERM, shutting down
AH00112: Warning: DocumentRoot [/var/www/html/web] does not exist
AH00558: apache2: Could not reliably determine the server's fully qualified domain name, using 172.21.0.3. Set the 'ServerName' directive globally to suppress this message
[Tue Nov 05 11:01:42.859774 2019] [mpm_prefork:notice] [pid 1] AH00163: Apache/2.4.10 (Debian) PHP/7.1.17 configured -- resuming normal operations
[Tue Nov 05 11:01:42.859802 2019] [core:notice] [pid 1] AH00094: Command line: 'apache2 -D FOREGROUND'
[Tue Nov 05 11:06:10.825325 2019] [mpm_prefork:notice] [pid 1] AH00169: caught SIGTERM, shutting down
AH00112: Warning: DocumentRoot [/var/www/html/web] does not exist
AH00558: apache2: Could not reliably determine the server's fully qualified domain name, using 172.21.0.3. Set the 'ServerName' directive globally to suppress this message
[Tue Nov 05 11:06:12.255967 2019] [mpm_prefork:notice] [pid 1] AH00163: Apache/2.4.10 (Debian) PHP/7.1.17 configured -- resuming normal operations
[Tue Nov 05 11:06:12.255996 2019] [core:notice] [pid 1] AH00094: Command line: 'apache2 -D FOREGROUND'
[Tue Nov 05 11:06:49.116256 2019] [mpm_prefork:notice] [pid 1] AH00169: caught SIGTERM, shutting down
AH00112: Warning: DocumentRoot [/var/www/html/web] does not exist
AH00558: apache2: Could not reliably determine the server's fully qualified domain name, using 172.21.0.4. Set the 'ServerName' directive globally to suppress this message
[Tue Nov 05 11:07:11.798151 2019] [mpm_prefork:notice] [pid 1] AH00163: Apache/2.4.10 (Debian) PHP/7.1.17 configured -- resuming normal operations
[Tue Nov 05 11:07:11.798180 2019] [core:notice] [pid 1] AH00094: Command line: 'apache2 -D FOREGROUND'
[Tue Nov 05 11:09:37.446938 2019] [mpm_prefork:notice] [pid 1] AH00169: caught SIGTERM, shutting down
AH00112: Warning: DocumentRoot [/var/www/html/public] does not exist
AH00558: apache2: Could not reliably determine the server's fully qualified domain name, using 172.21.0.4. Set the 'ServerName' directive globally to suppress this message
[Tue Nov 05 11:10:07.386303 2019] [mpm_prefork:notice] [pid 1] AH00163: Apache/2.4.10 (Debian) PHP/7.1.17 configured -- resuming normal operations
[Tue Nov 05 11:10:07.386334 2019] [core:notice] [pid 1] AH00094: Command line: 'apache2 -D FOREGROUND'
[Tue Nov 05 11:11:52.919648 2019] [mpm_prefork:notice] [pid 1] AH00169: caught SIGTERM, shutting down
AH00558: apache2: Could not reliably determine the server's fully qualified domain name, using 172.21.0.4. Set the 'ServerName' directive globally to suppress this message
[Tue Nov 05 11:11:59.870007 2019] [mpm_prefork:notice] [pid 1] AH00163: Apache/2.4.10 (Debian) PHP/7.1.17 configured -- resuming normal operations
[Tue Nov 05 11:11:59.870040 2019] [core:notice] [pid 1] AH00094: Command line: 'apache2 -D FOREGROUND'
[Tue Nov 05 11:47:03.760453 2019] [mpm_prefork:notice] [pid 1] AH00169: caught SIGTERM, shutting down
AH00558: apache2: Could not reliably determine the server's fully qualified domain name, using 172.21.0.4. Set the 'ServerName' directive globally to suppress this message
[Tue Nov 05 11:47:33.587766 2019] [mpm_prefork:notice] [pid 1] AH00163: Apache/2.4.10 (Debian) PHP/7.1.17 configured -- resuming normal operations
[Tue Nov 05 11:47:33.587800 2019] [core:notice] [pid 1] AH00094: Command line: 'apache2 -D FOREGROUND'
[Tue Nov 05 12:00:31.351220 2019] [mpm_prefork:notice] [pid 1] AH00169: caught SIGTERM, shutting down
AH00558: apache2: Could not reliably determine the server's fully qualified domain name, using 172.21.0.3. Set the 'ServerName' directive globally to suppress this message
[Tue Nov 05 12:00:38.203306 2019] [mpm_prefork:notice] [pid 1] AH00163: Apache/2.4.10 (Debian) PHP/7.1.17 configured -- resuming normal operations
[Tue Nov 05 12:00:38.203341 2019] [core:notice] [pid 1] AH00094: Command line: 'apache2 -D FOREGROUND'
[Tue Nov 05 12:17:10.669199 2019] [mpm_prefork:notice] [pid 1] AH00169: caught SIGTERM, shutting down
AH00558: apache2: Could not reliably determine the server's fully qualified domain name, using 172.21.0.3. Set the 'ServerName' directive globally to suppress this message
[Tue Nov 05 12:17:17.509613 2019] [mpm_prefork:notice] [pid 1] AH00163: Apache/2.4.10 (Debian) PHP/7.1.17 configured -- resuming normal operations
[Tue Nov 05 12:17:17.509649 2019] [core:notice] [pid 1] AH00094: Command line: 'apache2 -D FOREGROUND'
[Tue Nov 05 14:32:27.620792 2019] [mpm_prefork:notice] [pid 1] AH00169: caught SIGTERM, shutting down
AH00558: apache2: Could not reliably determine the server's fully qualified domain name, using 172.21.0.4. Set the 'ServerName' directive globally to suppress this message
[Tue Nov 05 14:32:33.950141 2019] [mpm_prefork:notice] [pid 1] AH00163: Apache/2.4.10 (Debian) PHP/7.1.17 configured -- resuming normal operations
[Tue Nov 05 14:32:33.950187 2019] [core:notice] [pid 1] AH00094: Command line: 'apache2 -D FOREGROUND'
[Tue Nov 05 14:53:21.270058 2019] [mpm_prefork:notice] [pid 1] AH00169: caught SIGTERM, shutting down
AH00558: apache2: Could not reliably determine the server's fully qualified domain name, using 172.21.0.3. Set the 'ServerName' directive globally to suppress this message
[Tue Nov 05 14:53:27.805793 2019] [mpm_prefork:notice] [pid 1] AH00163: Apache/2.4.10 (Debian) PHP/7.1.17 configured -- resuming normal operations
[Tue Nov 05 14:53:27.805855 2019] [core:notice] [pid 1] AH00094: Command line: 'apache2 -D FOREGROUND'
[Tue Nov 05 15:01:30.635769 2019] [mpm_prefork:notice] [pid 1] AH00169: caught SIGTERM, shutting down
AH00558: apache2: Could not reliably determine the server's fully qualified domain name, using 172.21.0.4. Set the 'ServerName' directive globally to suppress this message
[Tue Nov 05 15:02:00.841589 2019] [mpm_prefork:notice] [pid 1] AH00163: Apache/2.4.10 (Debian) PHP/7.1.17 configured -- resuming normal operations
[Tue Nov 05 15:02:00.841622 2019] [core:notice] [pid 1] AH00094: Command line: 'apache2 -D FOREGROUND'
[Tue Nov 05 15:02:18.910505 2019] [mpm_prefork:notice] [pid 1] AH00169: caught SIGTERM, shutting down
AH00558: apache2: Could not reliably determine the server's fully qualified domain name, using 172.21.0.4. Set the 'ServerName' directive globally to suppress this message
[Tue Nov 05 15:02:49.456528 2019] [mpm_prefork:notice] [pid 1] AH00163: Apache/2.4.10 (Debian) PHP/7.1.17 configured -- resuming normal operations
[Tue Nov 05 15:02:49.456565 2019] [core:notice] [pid 1] AH00094: Command line: 'apache2 -D FOREGROUND'
[Tue Nov 05 15:15:06.722152 2019] [mpm_prefork:notice] [pid 1] AH00169: caught SIGTERM, shutting down
